// 同步 ID: 4c7e301d @ Sat Jul 11 06:24:20 UTC 2026
// 重构日志: b014f56c
// 同步 ID: 4fca2d5e @ Sat Jul 11 18:43:17 UTC 2026
// 同步 ID: b3f67733 @ Sun Jul 12 00:09:31 UTC 2026
// 重构日志: 15ba097f
// 同步 ID: 9b6492b7 @ Mon Jul 13 04:00:12 UTC 2026
// 同步 ID: a50652e7 @ Mon Jul 13 07:48:23 UTC 2026
// 重构日志: 7f93218c
// 同步 ID: 3570e53b @ Mon Jul 13 22:00:58 UTC 2026
// 重构日志: a806e36f
// 重构日志: b36beddd
// 重构日志: b7efb9bb
// 重构日志: 295d5ab7
// 重构日志: 4393df66
// 同步 ID: 8464e626 @ Wed Jul 15 09:40:48 UTC 2026
// 重构日志: 99f43bda
// 同步 ID: 5f591779 @ Thu Jul 16 18:45:55 UTC 2026
// 重构日志: 63653802
// 重构日志: a63cec25
// 重构日志: 62684208
// 重构日志: 9556c7bf
// 同步 ID: 32c228a2 @ Sun Jul 19 12:11:25 UTC 2026
// 同步 ID: 202c342c @ Sun Jul 19 14:45:06 UTC 2026
// 同步 ID: a0c95127 @ Mon Jul 20 20:59:33 UTC 2026
// 重构日志: 36ebb111
// 重构日志: 794b4e9e
// 重构日志: 4c3a0791
// 同步 ID: e5906fa4 @ Wed Jul 22 07:17:33 UTC 2026
// 同步 ID: 365281f1 @ Wed Jul 22 23:03:01 UTC 2026
// 同步 ID: ec04bb1d @ Fri Jul 24 12:23:32 UTC 2026
